"blank"					"=========================="
"blank"					"#Valve_Movement_Title"
"blank"					"=========================="
"+forward"				"#Valve_Move_Forward"
"+back"					"#Valve_Move_Back"
"+moveleft"				"#Valve_Move_Left"
"+moveright"				"#Valve_Move_Right"
"+jump"					"#Valve_Jump"
"+duck"					"#Valve_Duck"
"+walk"           		  	"#Valve_Walk"
"blank"					"=========================="
"blank"					"#Valve_Combat_Title"
"blank"					"=========================="
"+attack"				"#Valve_Primary_Attack"
"+attack2"				"#Valve_Secondary_Attack"
"+reload"				"#Valve_Reload_Weapon"
"+use"					"#Valve_Use_Items"
"impulse 100"				"#Valve_Flashlight"
"use_primary"				"Use Primary weapon"
"use_secondary"				"Use Secondary weapon"
"use_grenade"				"Throw Grenade"
"use_special"				"Use Special weapon (C4 and Infestation)"
"invprev"				"Previous Weapon"
"invnext"				"Next Weapon"
"invlast"				"Last Weapon"
"blank"					"=========================="
"blank"					"Item Commands
"blank"					"=========================="
"use_pack_item"				"Use selected backpack item"
"toggle_pack_item"			"Toggle selected pack item"
"blank"					"=========================="
"blank"					"Team/Class Selection"
"blank"					"=========================="
"chooseteam"				"Choose team"
"chooseclass"				"Choose class"
"blank"					"=========================="
"blank"					"Communication"
"blank"					"=========================="
"say"					"Chat"
"say_tam"				"Team chat"
"+showscores"				"Show scores"
"taunt"					"Taunt"
"+voicerecord"				"Voice Chat"
"blank"					"=========================="
"blank"					"Misc"
"blank"					"=========================="
"screenshot"				"Take Screenshot"
